{
  "stats": {
    "suites": 2,
    "tests": 20,
    "passes": 20,
    "pending": 0,
    "failures": 0,
    "start": "2023-02-26T14:56:15.666Z",
    "end": "2023-02-26T14:56:24.875Z",
    "duration": 9209,
    "testsRegistered": 20,
    "passPercent": 100,
    "pendingPercent": 0,
    "other": 0,
    "hasOther": false,
    "skipped": 0,
    "hasSkipped": false
  },
  "results": [
    {
      "uuid": "7f30021e-399e-4981-81fd-b976354c744e",
      "title": "",
      "fullFile": "cypress\\e2e\\wikipedia.cy.js",
      "file": "cypress\\e2e\\wikipedia.cy.js",
      "beforeHooks": [],
      "afterHooks": [],
      "tests": [],
      "suites": [
        {
          "uuid": "0696759b-46c5-4c42-827f-c3d3d599368f",
          "title": "A. Featured language appearance",
          "fullFile": "",
          "file": "",
          "beforeHooks": [],
          "afterHooks": [],
          "tests": [
            {
              "title": "1. Verify language English is visible",
              "fullTitle": "A. Featured language appearance 1. Verify language English is visible",
              "timedOut": null,
              "duration": 905,
              "state": "passed",
              "speed": "fast",
              "pass": true,
              "fail": false,
              "pending": false,
              "context": null,
              "code": "cy.verifyLanguage(_langData.default.english);",
              "err": {},
              "uuid": "8c7005b7-66d1-4ea9-9f86-cb6143f0e0a5",
              "parentUUID": "0696759b-46c5-4c42-827f-c3d3d599368f",
              "isHook": false,
              "skipped": false
            },
            {
              "title": "2. Verify language of Rusia is visible",
              "fullTitle": "A. Featured language appearance 2. Verify language of Rusia is visible",
              "timedOut": null,
              "duration": 263,
              "state": "passed",
              "speed": "fast",
              "pass": true,
              "fail": false,
              "pending": false,
              "context": null,
              "code": "cy.verifyLanguage(_langData.default.rusia);",
              "err": {},
              "uuid": "64aa7d4c-5a3f-49b6-89ca-c4aabc0ece29",
              "parentUUID": "0696759b-46c5-4c42-827f-c3d3d599368f",
              "isHook": false,
              "skipped": false
            },
            {
              "title": "3. Verify language of Japan is visible",
              "fullTitle": "A. Featured language appearance 3. Verify language of Japan is visible",
              "timedOut": null,
              "duration": 231,
              "state": "passed",
              "speed": "fast",
              "pass": true,
              "fail": false,
              "pending": false,
              "context": null,
              "code": "cy.verifyLanguage(_langData.default.jepang);",
              "err": {},
              "uuid": "06cefe05-0867-47b8-aab5-cfbbf3a8ffa3",
              "parentUUID": "0696759b-46c5-4c42-827f-c3d3d599368f",
              "isHook": false,
              "skipped": false
            },
            {
              "title": "4. Verify language of Deutch is visible",
              "fullTitle": "A. Featured language appearance 4. Verify language of Deutch is visible",
              "timedOut": null,
              "duration": 239,
              "state": "passed",
              "speed": "fast",
              "pass": true,
              "fail": false,
              "pending": false,
              "context": null,
              "code": "cy.verifyLanguage(_langData.default.belanda);",
              "err": {},
              "uuid": "4e9cc84e-8151-45fa-80e2-dd6dc032bcd8",
              "parentUUID": "0696759b-46c5-4c42-827f-c3d3d599368f",
              "isHook": false,
              "skipped": false
            },
            {
              "title": "5. Verify language of Francais is visible",
              "fullTitle": "A. Featured language appearance 5. Verify language of Francais is visible",
              "timedOut": null,
              "duration": 280,
              "state": "passed",
              "speed": "fast",
              "pass": true,
              "fail": false,
              "pending": false,
              "context": null,
              "code": "cy.verifyLanguage(_langData.default.prancis);",
              "err": {},
              "uuid": "2bf86f62-6e7d-4fb8-a970-983c18d409d9",
              "parentUUID": "0696759b-46c5-4c42-827f-c3d3d599368f",
              "isHook": false,
              "skipped": false
            },
            {
              "title": "6. Verify language of Espanol is visible",
              "fullTitle": "A. Featured language appearance 6. Verify language of Espanol is visible",
              "timedOut": null,
              "duration": 257,
              "state": "passed",
              "speed": "fast",
              "pass": true,
              "fail": false,
              "pending": false,
              "context": null,
              "code": "cy.verifyLanguage(_langData.default.spanyol);",
              "err": {},
              "uuid": "8df72669-9cd8-4d51-b22f-ba1ce931b12a",
              "parentUUID": "0696759b-46c5-4c42-827f-c3d3d599368f",
              "isHook": false,
              "skipped": false
            },
            {
              "title": "7. Verify language of Italiano is visible",
              "fullTitle": "A. Featured language appearance 7. Verify language of Italiano is visible",
              "timedOut": null,
              "duration": 261,
              "state": "passed",
              "speed": "fast",
              "pass": true,
              "fail": false,
              "pending": false,
              "context": null,
              "code": "cy.verifyLanguage(_langData.default.itali);",
              "err": {},
              "uuid": "5dc23c36-6658-46a7-87a9-a32196041635",
              "parentUUID": "0696759b-46c5-4c42-827f-c3d3d599368f",
              "isHook": false,
              "skipped": false
            },
            {
              "title": "8. Verify language of Chinese is visible",
              "fullTitle": "A. Featured language appearance 8. Verify language of Chinese is visible",
              "timedOut": null,
              "duration": 254,
              "state": "passed",
              "speed": "fast",
              "pass": true,
              "fail": false,
              "pending": false,
              "context": null,
              "code": "cy.verifyLanguage(_langData.default.china);",
              "err": {},
              "uuid": "0e3c1e68-57d8-4865-871b-f18be109a7a2",
              "parentUUID": "0696759b-46c5-4c42-827f-c3d3d599368f",
              "isHook": false,
              "skipped": false
            },
            {
              "title": "9. Verify language of Farsi is visible",
              "fullTitle": "A. Featured language appearance 9. Verify language of Farsi is visible",
              "timedOut": null,
              "duration": 296,
              "state": "passed",
              "speed": "fast",
              "pass": true,
              "fail": false,
              "pending": false,
              "context": null,
              "code": "cy.verifyLanguage(_langData.default.farsi);",
              "err": {},
              "uuid": "7544f20a-d1a3-46c1-924e-0e6f967a6d79",
              "parentUUID": "0696759b-46c5-4c42-827f-c3d3d599368f",
              "isHook": false,
              "skipped": false
            },
            {
              "title": "10. Verify language of Polish is visible",
              "fullTitle": "A. Featured language appearance 10. Verify language of Polish is visible",
              "timedOut": null,
              "duration": 259,
              "state": "passed",
              "speed": "fast",
              "pass": true,
              "fail": false,
              "pending": false,
              "context": null,
              "code": "cy.verifyLanguage(_langData.default.polandia);",
              "err": {},
              "uuid": "41a179b2-ecb3-4076-9f11-7859a67b3a82",
              "parentUUID": "0696759b-46c5-4c42-827f-c3d3d599368f",
              "isHook": false,
              "skipped": false
            }
          ],
          "suites": [],
          "passes": [
            "8c7005b7-66d1-4ea9-9f86-cb6143f0e0a5",
            "64aa7d4c-5a3f-49b6-89ca-c4aabc0ece29",
            "06cefe05-0867-47b8-aab5-cfbbf3a8ffa3",
            "4e9cc84e-8151-45fa-80e2-dd6dc032bcd8",
            "2bf86f62-6e7d-4fb8-a970-983c18d409d9",
            "8df72669-9cd8-4d51-b22f-ba1ce931b12a",
            "5dc23c36-6658-46a7-87a9-a32196041635",
            "0e3c1e68-57d8-4865-871b-f18be109a7a2",
            "7544f20a-d1a3-46c1-924e-0e6f967a6d79",
            "41a179b2-ecb3-4076-9f11-7859a67b3a82"
          ],
          "failures": [],
          "pending": [],
          "skipped": [],
          "duration": 3245,
          "root": false,
          "rootEmpty": false,
          "_timeout": 2000
        },
        {
          "uuid": "6bab3312-eb4c-402f-b713-004828f6ff44",
          "title": "B. Featured language hyperlink",
          "fullFile": "",
          "file": "",
          "beforeHooks": [],
          "afterHooks": [],
          "tests": [
            {
              "title": "1. Verify hyperlink of English Language Site",
              "fullTitle": "B. Featured language hyperlink 1. Verify hyperlink of English Language Site",
              "timedOut": null,
              "duration": 500,
              "state": "passed",
              "speed": "fast",
              "pass": true,
              "fail": false,
              "pending": false,
              "context": null,
              "code": "cy.verifyLanguageHyperlink(_langData.default.english);",
              "err": {},
              "uuid": "23b8c7ac-736e-453e-9295-e1c1fb868c69",
              "parentUUID": "6bab3312-eb4c-402f-b713-004828f6ff44",
              "isHook": false,
              "skipped": false
            },
            {
              "title": "2. Verify hyperlink of Rusia Language Site",
              "fullTitle": "B. Featured language hyperlink 2. Verify hyperlink of Rusia Language Site",
              "timedOut": null,
              "duration": 427,
              "state": "passed",
              "speed": "fast",
              "pass": true,
              "fail": false,
              "pending": false,
              "context": null,
              "code": "cy.verifyLanguageHyperlink(_langData.default.rusia);",
              "err": {},
              "uuid": "a6abac41-fdb5-420a-b22d-1a0c4deea9a2",
              "parentUUID": "6bab3312-eb4c-402f-b713-004828f6ff44",
              "isHook": false,
              "skipped": false
            },
            {
              "title": "3. Verify hyperlink of Jepang Language Site",
              "fullTitle": "B. Featured language hyperlink 3. Verify hyperlink of Jepang Language Site",
              "timedOut": null,
              "duration": 501,
              "state": "passed",
              "speed": "fast",
              "pass": true,
              "fail": false,
              "pending": false,
              "context": null,
              "code": "cy.verifyLanguageHyperlink(_langData.default.jepang);",
              "err": {},
              "uuid": "b12b2cd4-c053-4aa9-897e-75a526e91d76",
              "parentUUID": "6bab3312-eb4c-402f-b713-004828f6ff44",
              "isHook": false,
              "skipped": false
            },
            {
              "title": "4. Verify hyperlink of Deutch Language Site",
              "fullTitle": "B. Featured language hyperlink 4. Verify hyperlink of Deutch Language Site",
              "timedOut": null,
              "duration": 1342,
              "state": "passed",
              "speed": "fast",
              "pass": true,
              "fail": false,
              "pending": false,
              "context": null,
              "code": "cy.verifyLanguageHyperlink(_langData.default.belanda);",
              "err": {},
              "uuid": "ce1ce132-063d-42f1-97ce-9d9addfefb02",
              "parentUUID": "6bab3312-eb4c-402f-b713-004828f6ff44",
              "isHook": false,
              "skipped": false
            },
            {
              "title": "5. Verify hyperlink of Francais Language Site",
              "fullTitle": "B. Featured language hyperlink 5. Verify hyperlink of Francais Language Site",
              "timedOut": null,
              "duration": 492,
              "state": "passed",
              "speed": "fast",
              "pass": true,
              "fail": false,
              "pending": false,
              "context": null,
              "code": "cy.verifyLanguageHyperlink(_langData.default.prancis);",
              "err": {},
              "uuid": "34bf73b4-693a-4ba1-851c-3550cc2f366d",
              "parentUUID": "6bab3312-eb4c-402f-b713-004828f6ff44",
              "isHook": false,
              "skipped": false
            },
            {
              "title": "6. Verify hyperlink of Spanish Language Site",
              "fullTitle": "B. Featured language hyperlink 6. Verify hyperlink of Spanish Language Site",
              "timedOut": null,
              "duration": 543,
              "state": "passed",
              "speed": "fast",
              "pass": true,
              "fail": false,
              "pending": false,
              "context": null,
              "code": "cy.verifyLanguageHyperlink(_langData.default.spanyol);",
              "err": {},
              "uuid": "001cd58e-3d6c-4a51-a041-f0caf09ab032",
              "parentUUID": "6bab3312-eb4c-402f-b713-004828f6ff44",
              "isHook": false,
              "skipped": false
            },
            {
              "title": "7. Verify hyperlink of Italia Language Site",
              "fullTitle": "B. Featured language hyperlink 7. Verify hyperlink of Italia Language Site",
              "timedOut": null,
              "duration": 559,
              "state": "passed",
              "speed": "fast",
              "pass": true,
              "fail": false,
              "pending": false,
              "context": null,
              "code": "cy.verifyLanguageHyperlink(_langData.default.itali);",
              "err": {},
              "uuid": "02a1c18c-8698-4bec-bf07-adebe6438306",
              "parentUUID": "6bab3312-eb4c-402f-b713-004828f6ff44",
              "isHook": false,
              "skipped": false
            },
            {
              "title": "8. Verify hyperlink of Chinese Language Site",
              "fullTitle": "B. Featured language hyperlink 8. Verify hyperlink of Chinese Language Site",
              "timedOut": null,
              "duration": 475,
              "state": "passed",
              "speed": "fast",
              "pass": true,
              "fail": false,
              "pending": false,
              "context": null,
              "code": "cy.verifyLanguageHyperlink(_langData.default.china);",
              "err": {},
              "uuid": "d5305741-0db9-4bdd-b2e5-a45bde946cd6",
              "parentUUID": "6bab3312-eb4c-402f-b713-004828f6ff44",
              "isHook": false,
              "skipped": false
            },
            {
              "title": "9. Verify hyperlink of Farsi Language Site",
              "fullTitle": "B. Featured language hyperlink 9. Verify hyperlink of Farsi Language Site",
              "timedOut": null,
              "duration": 489,
              "state": "passed",
              "speed": "fast",
              "pass": true,
              "fail": false,
              "pending": false,
              "context": null,
              "code": "cy.verifyLanguageHyperlink(_langData.default.farsi);",
              "err": {},
              "uuid": "3e2e09f2-7866-469b-a603-05df6aa45d1d",
              "parentUUID": "6bab3312-eb4c-402f-b713-004828f6ff44",
              "isHook": false,
              "skipped": false
            },
            {
              "title": "10. Verify hyperlink of Polish Language Site",
              "fullTitle": "B. Featured language hyperlink 10. Verify hyperlink of Polish Language Site",
              "timedOut": null,
              "duration": 501,
              "state": "passed",
              "speed": "fast",
              "pass": true,
              "fail": false,
              "pending": false,
              "context": null,
              "code": "cy.verifyLanguageHyperlink(_langData.default.polandia);",
              "err": {},
              "uuid": "73852203-3c2e-4a9d-b673-a7b523d30bbc",
              "parentUUID": "6bab3312-eb4c-402f-b713-004828f6ff44",
              "isHook": false,
              "skipped": false
            }
          ],
          "suites": [],
          "passes": [
            "23b8c7ac-736e-453e-9295-e1c1fb868c69",
            "a6abac41-fdb5-420a-b22d-1a0c4deea9a2",
            "b12b2cd4-c053-4aa9-897e-75a526e91d76",
            "ce1ce132-063d-42f1-97ce-9d9addfefb02",
            "34bf73b4-693a-4ba1-851c-3550cc2f366d",
            "001cd58e-3d6c-4a51-a041-f0caf09ab032",
            "02a1c18c-8698-4bec-bf07-adebe6438306",
            "d5305741-0db9-4bdd-b2e5-a45bde946cd6",
            "3e2e09f2-7866-469b-a603-05df6aa45d1d",
            "73852203-3c2e-4a9d-b673-a7b523d30bbc"
          ],
          "failures": [],
          "pending": [],
          "skipped": [],
          "duration": 5829,
          "root": false,
          "rootEmpty": false,
          "_timeout": 2000
        }
      ],
      "passes": [],
      "failures": [],
      "pending": [],
      "skipped": [],
      "duration": 0,
      "root": true,
      "rootEmpty": true,
      "_timeout": 2000
    }
  ],
  "meta": {
    "mocha": {
      "version": "7.0.1"
    },
    "mochawesome": {
      "options": {
        "quiet": false,
        "reportFilename": "mochawesome",
        "saveHtml": true,
        "saveJson": true,
        "consoleReporter": "spec",
        "useInlineDiffs": false,
        "code": true
      },
      "version": "7.1.3"
    },
    "marge": {
      "options": {
        "reportDir": "cypress/results",
        "overwrite": true,
        "html": true,
        "json": true
      },
      "version": "6.2.0"
    }
  }
}